<?xml version="1.0" encoding="UTF-8"?>
<testsuite name="Tests" tests="1" skipped="0" failures="0" errors="0" timestamp="2021-09-05T07:44:47" hostname="DESKTOP-EPVJG19" time="0.002">
  <properties/>
  <testcase name="C_reverseArray" classname="Tests" time="0.002"/>
  <system-out><![CDATA[]]></system-out>
  <system-err><![CDATA[]]></system-err>
</testsuite>
